<?xml version="1.0" encoding="UTF-8"?>
<!-- Generated by org.testng.reporters.JUnitReportReporter -->
<testsuite hostname="DESKTOP-JE9FGA8" failures="0" tests="4" name="com.bankgaru.user.Level_03_Page_Object_Pattern" time="11.315" errors="0" timestamp="24 Oct 2021 15:33:50 GMT" skipped="0">
  <testcase classname="com.bankgaru.user.Level_03_Page_Object_Pattern" name="TC_03_New_Customer" time="4.915"/>
  <testcase classname="com.bankgaru.user.Level_03_Page_Object_Pattern" name="TC_01_Register_To_System" time="2.601"/>
  <testcase classname="com.bankgaru.user.Level_03_Page_Object_Pattern" name="TC_02_Login_To_System" time="2.535"/>
  <testcase classname="com.bankgaru.user.Level_03_Page_Object_Pattern" name="TC_04_Logout" time="1.264"/>
</testsuite> <!-- com.bankgaru.user.Level_03_Page_Object_Pattern -->
