<?xml version="1.0" encoding="UTF-8"?>
<!-- Generated by org.testng.reporters.JUnitReportReporter -->
<testsuite hostname="DESKTOP-CC5B68O" failures="0" tests="1" name="com.bankgaru.user.Level_01_Repeat_Yourseft" time="0.005" errors="0" timestamp="13 Oct 2021 04:46:26 GMT" skipped="0">
  <testcase classname="com.bankgaru.user.Level_01_Repeat_Yourseft" name="f" time="0.005"/>
</testsuite> <!-- com.bankgaru.user.Level_01_Repeat_Yourseft -->
