<?xml version="1.0" encoding="UTF-8"?>
<!-- Generated by org.testng.reporters.JUnitReportReporter -->
<testsuite hostname="DESKTOP-CC5B68O" failures="0" tests="2" name="selenium.Topic_01_Check_Environment" time="1.177" errors="0" timestamp="13 Oct 2021 03:28:33 GMT" skipped="0">
  <testcase classname="selenium.Topic_01_Check_Environment" name="TC_01_Verify_Title" time="1.172"/>
  <testcase classname="selenium.Topic_01_Check_Environment" name="TC_02_Verify_Url" time="0.005"/>
</testsuite> <!-- selenium.Topic_01_Check_Environment -->
